

䷘>䷋ 71>70 w(25/26)>(12/11)
  [siu] Instinctive Goodness > Stagnation / Restraint by the Strong > Peace
  [huang] Without Falshood > Hinderance / Great Accumulation >  Advance

 7  777  ☰

䷵>䷗ 13>01 w(54/53)>(24/23)
  [siu] Propriety / Growth > Recovery / Downfall
  [huang] Marrying Maiden / Developing Gradually > Turning Back / Falling Away

90  889 ☳>☷

䷛>䷟ 36>16 w28>(31/32)
  [siu] Great Gains > Enduring / Influencing Action
  [huang] Great Exceeding > Long Lasting / Mutual Influence

b1  897 ☱>☳
 6 877  ☴

 0  888  ☷
b6  679 ☱>☴
 1  887  ☳

00  888  ☷
c7  766 ☶>☰
b0  899 ☱>☷
c0  988 ☶>☷
e0  998 ☴>☷
b2  879 ☱>☵

00  888  ☷
c7  766 ☶>☰
b0  899 ☱>☷
c0  988 ☶>☷
b2  879 ☱>☵
d0  989 ☲>☷


